2022-01-15 22:54:28,533 : INFO: Tests.BaseClass:gettingUsername
2022-01-15 22:54:31,875 : INFO: Tests.BaseClass:getting Emailid
2022-01-15 22:54:35,069 : INFO: Tests.BaseClass:gettingPassword
2022-01-15 22:54:47,696 : INFO: Tests.BaseClass:text received from appllication×
Success! The Form has been submitted successfully!.
2022-01-15 22:54:51,645 : INFO: Tests.BaseClass:iphone X
2022-01-15 22:54:51,668 : INFO: Tests.BaseClass:Samsung Note 8
2022-01-15 22:54:51,687 : INFO: Tests.BaseClass:Nokia Edge
2022-01-15 22:54:51,710 : INFO: Tests.BaseClass:Blackberry
2022-01-15 22:54:52,020 : INFO: Tests.BaseClass:getting Country
2022-01-15 22:54:58,128 : INFO: Tests.BaseClass:text received from appllication is ×
Success! Thank you! Your order will be delivered in next few weeks :-).
2022-01-15 22:59:06,126 : INFO: Tests.BaseClass:gettingUsername
2022-01-15 22:59:09,314 : INFO: Tests.BaseClass:getting Emailid
2022-01-15 22:59:12,458 : INFO: Tests.BaseClass:gettingPassword
2022-01-15 22:59:25,098 : INFO: Tests.BaseClass:text received from appllication×
Success! The Form has been submitted successfully!.
2022-01-15 22:59:29,745 : INFO: Tests.BaseClass:iphone X
2022-01-15 22:59:29,760 : INFO: Tests.BaseClass:Samsung Note 8
2022-01-15 22:59:29,776 : INFO: Tests.BaseClass:Nokia Edge
2022-01-15 22:59:29,791 : INFO: Tests.BaseClass:Blackberry
2022-01-15 22:59:30,122 : INFO: Tests.BaseClass:getting Country
2022-01-15 22:59:36,858 : INFO: Tests.BaseClass:text received from appllication is ×
Success! Thank you! Your order will be delivered in next few weeks :-).
2022-01-15 23:13:02,341 : INFO: Tests.BaseClass:gettingUsername
2022-01-15 23:13:05,539 : INFO: Tests.BaseClass:getting Emailid
2022-01-15 23:13:08,722 : INFO: Tests.BaseClass:gettingPassword
2022-01-15 23:13:21,206 : INFO: Tests.BaseClass:text received from appllication×
Success! The Form has been submitted successfully!.
2022-01-15 23:13:22,533 : INFO: Tests.BaseClass:iphone X
2022-01-15 23:13:22,554 : INFO: Tests.BaseClass:Samsung Note 8
2022-01-15 23:13:22,572 : INFO: Tests.BaseClass:Nokia Edge
2022-01-15 23:13:22,592 : INFO: Tests.BaseClass:Blackberry
2022-01-15 23:13:22,831 : INFO: Tests.BaseClass:getting Country
2022-01-15 23:13:28,729 : INFO: Tests.BaseClass:text received from appllication is ×
Success! Thank you! Your order will be delivered in next few weeks :-).
2022-01-16 08:41:59,812 : INFO: Tests.BaseClass:gettingUsername
2022-01-16 08:42:03,098 : INFO: Tests.BaseClass:getting Emailid
2022-01-16 08:42:06,365 : INFO: Tests.BaseClass:gettingPassword
2022-01-16 08:42:18,852 : INFO: Tests.BaseClass:text received from appllication×
Success! The Form has been submitted successfully!.
2022-01-16 08:42:31,447 : INFO: Tests.BaseClass:iphone X
2022-01-16 08:42:31,468 : INFO: Tests.BaseClass:Samsung Note 8
2022-01-16 08:42:31,488 : INFO: Tests.BaseClass:Nokia Edge
2022-01-16 08:42:31,507 : INFO: Tests.BaseClass:Blackberry
2022-01-16 08:42:31,811 : INFO: Tests.BaseClass:getting Country
2022-01-16 08:42:37,324 : INFO: Tests.BaseClass:text received from appllication is ×
Success! Thank you! Your order will be delivered in next few weeks :-).
2022-01-16 08:46:58,285 : INFO: Tests.BaseClass:gettingUsername
2022-01-16 08:47:01,455 : INFO: Tests.BaseClass:getting Emailid
2022-01-16 08:47:04,597 : INFO: Tests.BaseClass:gettingPassword
2022-01-16 08:47:16,999 : INFO: Tests.BaseClass:text received from appllication×
Success! The Form has been submitted successfully!.
2022-01-16 08:47:19,023 : INFO: Tests.BaseClass:iphone X
2022-01-16 08:47:19,038 : INFO: Tests.BaseClass:Samsung Note 8
2022-01-16 08:47:19,053 : INFO: Tests.BaseClass:Nokia Edge
2022-01-16 08:47:19,072 : INFO: Tests.BaseClass:Blackberry
2022-01-16 08:47:19,330 : INFO: Tests.BaseClass:getting Country
2022-01-16 08:47:25,098 : INFO: Tests.BaseClass:text received from appllication is ×
Success! Thank you! Your order will be delivered in next few weeks :-).
2022-01-16 08:52:33,352 : INFO: Tests.BaseClass:gettingUsername
2022-01-16 08:52:36,496 : INFO: Tests.BaseClass:getting Emailid
2022-01-16 08:52:39,665 : INFO: Tests.BaseClass:gettingPassword
2022-01-16 08:52:52,202 : INFO: Tests.BaseClass:text received from appllication×
Success! The Form has been submitted successfully!.
2022-01-16 08:52:53,388 : INFO: Tests.BaseClass:iphone X
2022-01-16 08:52:53,412 : INFO: Tests.BaseClass:Samsung Note 8
2022-01-16 08:52:53,432 : INFO: Tests.BaseClass:Nokia Edge
2022-01-16 08:52:53,446 : INFO: Tests.BaseClass:Blackberry
2022-01-16 08:52:53,657 : INFO: Tests.BaseClass:getting Country
2022-01-16 08:52:59,551 : INFO: Tests.BaseClass:text received from appllication is ×
Success! Thank you! Your order will be delivered in next few weeks :-).
